<?xml version="1.0" encoding="UTF-8"?>
<!-- Generated by org.testng.reporters.JUnitXMLReporter -->
<testsuite hostname="eminism" ignored="0" name="Test" tests="4" failures="0" timestamp="2020-04-22T14:51:32 EDT" time="27.395" errors="0">
  <testcase name="homePageContent" time="0.1" classname="com.automationpractice.test.HomePageTitleVerification"/>
  <testcase name="homePageContent" time="0.095" classname="com.automationpractice.test.SearchBarValidationTest"/>
  <testcase name="homePage" time="3.033" classname="com.automationpractice.test.HomePage"/>
  <testcase name="homePage" time="2.138" classname="com.automationpractice.test.HomePage"/>
</testsuite> <!-- Test -->
