<?xml version="1.0" encoding="UTF-8"?>
<!-- Generated by org.testng.reporters.JUnitXMLReporter -->
<testsuite hostname="eminism" ignored="0" name="Validating title of the page" tests="1" failures="1" timestamp="2020-04-22T18:09:47 EDT" time="8.55" errors="0">
  <testcase name="homePageContent" time="0.115" classname="com.automationpractice.test.HomePageTitleVerification">
    <failure type="java.lang.AssertionError" message="expected [AUTHENTICATIO] but found [AUTHENTICATION]">
      <![CDATA[java.lang.AssertionError: expected [AUTHENTICATIO] but found [AUTHENTICATION]
at com.automationpractice.test.HomePageTitleVerification.homePageContent(HomePageTitleVerification.java:30)
at java.util.ArrayList.forEach(Unknown Source)
... Removed 32 stack frames]]>
    </failure>
  </testcase> <!-- homePageContent -->
</testsuite> <!-- Validating title of the page -->
